<?xml version="1.0" encoding="utf-8"?><testsuites name="pytest tests"><testsuite name="pytest" errors="0" failures="0" skipped="0" tests="4" time="35.456" timestamp="2026-06-05T09:13:51.965547+00:00" hostname="agent-env-129813c6-1b70-4058-a576-b3a3673e1904"><testcase classname="tests.test_auction_fast_finish.TestFastFinish" name="test_fast_finish_triggered" time="7.728" /><testcase classname="tests.test_auction_fast_finish.TestFastFinish" name="test_selected_bid_respects_cap" time="24.959" /><testcase classname="tests.test_auction_fast_finish.TestBidCapRegression" name="test_endpoint_requires_auth" time="0.107" /><testcase classname="tests.test_auction_fast_finish.TestBidCapRegression" name="test_bid_above_cap_rejected" time="2.587" /></testsuite></testsuites>