<?xml version="1.0" encoding="utf-8"?><testsuites name="pytest tests"><testsuite name="pytest" errors="0" failures="0" skipped="0" tests="18" time="6.794" timestamp="2026-06-06T04:50:41.734903+00:00" hostname="agent-env-129813c6-1b70-4058-a576-b3a3673e1904"><testcase classname="tests.test_auth_v7_verification.TestV7ChannelOtpFlow" name="test_01_resend_email_otp" time="1.209" /><testcase classname="tests.test_auth_v7_verification.TestV7ChannelOtpFlow" name="test_02_verify_email_otp" time="0.066" /><testcase classname="tests.test_auth_v7_verification.TestV7ChannelOtpFlow" name="test_03_verify_email_otp_idempotent" time="0.059" /><testcase classname="tests.test_auth_v7_verification.TestV7ChannelOtpFlow" name="test_04_resend_phone_otp" time="0.219" /><testcase classname="tests.test_auth_v7_verification.TestV7ChannelOtpFlow" name="test_05_verify_phone_otp_wrong_code" time="0.056" /><testcase classname="tests.test_auth_v7_verification.TestV7ChannelOtpFlow" name="test_06_verify_phone_otp" time="0.055" /><testcase classname="tests.test_auth_v7_verification.TestV7ChannelOtpFlow" name="test_07_me_exposes_flags_and_has_pin" time="0.051" /><testcase classname="tests.test_auth_v7_verification.TestV7ChannelOtpFlow" name="test_08_me_does_not_leak_hashes" time="0.051" /><testcase classname="tests.test_auth_v7_verification.TestV7ChannelOtpFlow" name="test_09_create_pin_then_has_pin_true" time="0.348" /><testcase classname="tests.test_auth_v7_verification.TestMarkPopupShown" name="test_mark_popup_first_call_sets_timestamp" time="1.303" /><testcase classname="tests.test_auth_v7_verification.TestFirstLoginTracking" name="test_demo_client_login_and_me" time="0.326" /><testcase classname="tests.test_auth_v7_verification.TestFirstLoginTracking" name="test_login_twice_does_not_overwrite_first_login_at" time="1.844" /><testcase classname="tests.test_auth_v7_verification.TestLegacyVerifyOtp" name="test_legacy_verify_otp_with_new_user" time="0.892" /><testcase classname="tests.test_auth_v7_verification.TestSecurityNoAuth" name="test_endpoint_requires_auth[/auth/resend-email-otp]" time="0.047" /><testcase classname="tests.test_auth_v7_verification.TestSecurityNoAuth" name="test_endpoint_requires_auth[/auth/resend-phone-otp]" time="0.050" /><testcase classname="tests.test_auth_v7_verification.TestSecurityNoAuth" name="test_endpoint_requires_auth[/auth/verify-email-otp]" time="0.052" /><testcase classname="tests.test_auth_v7_verification.TestSecurityNoAuth" name="test_endpoint_requires_auth[/auth/verify-phone-otp]" time="0.051" /><testcase classname="tests.test_auth_v7_verification.TestSecurityNoAuth" name="test_endpoint_requires_auth[/auth/mark-verification-popup-shown]" time="0.050" /></testsuite></testsuites>