<?xml version="1.0" encoding="utf-8"?><testsuites name="pytest tests"><testsuite name="pytest" errors="0" failures="0" skipped="0" tests="7" time="5.242" timestamp="2026-06-04T18:33:25.190856+00:00" hostname="agent-env-129813c6-1b70-4058-a576-b3a3673e1904"><testcase classname="tests.test_bid_cap_and_vip.TestVipFeeAmount" name="test_draft_no_vip_backcompat" time="0.738" /><testcase classname="tests.test_bid_cap_and_vip.TestVipFeeAmount" name="test_draft_vip_100_eur" time="0.110" /><testcase classname="tests.test_bid_cap_and_vip.TestVipFeeAmount" name="test_draft_vip_plus_100_eur" time="0.182" /><testcase classname="tests.test_bid_cap_and_vip.TestVipFeeAmount" name="test_draft_vip_plus_1000_eur" time="0.223" /><testcase classname="tests.test_bid_cap_and_vip.TestConfirmFlow" name="test_confirm_with_vip_total" time="0.525" /><testcase classname="tests.test_bid_cap_and_vip.TestAgentBidCap" name="test_bid_endpoint_requires_auth" time="0.121" /><testcase classname="tests.test_bid_cap_and_vip.TestAgentBidCap" name="test_create_bidding_transfer_for_bid_cap" time="3.265" /></testsuite></testsuites>