<?xml version="1.0" encoding="utf-8"?><testsuites name="pytest tests"><testsuite name="pytest" errors="0" failures="0" skipped="0" tests="6" time="2.719" timestamp="2026-06-06T18:26:49.232459+00:00" hostname="agent-env-129813c6-1b70-4058-a576-b3a3673e1904"><testcase classname="tests.test_chat_3party.TestChatSender" name="test_get_chat_returns_my_role_and_participants" time="1.056" /><testcase classname="tests.test_chat_3party.TestChatSender" name="test_sender_can_post_message_role_tagged_sender" time="0.259" /><testcase classname="tests.test_chat_3party.TestChatAgent" name="test_agent_my_role" time="0.124" /><testcase classname="tests.test_chat_3party.TestChatAgent" name="test_agent_can_post_message_role_tagged_agent" time="0.209" /><testcase classname="tests.test_chat_3party.TestChatAccessControl" name="test_random_user_gets_404" time="0.892" /><testcase classname="tests.test_chat_3party.TestChatClosed" name="test_closed_room_rejects_post" time="0.113" /></testsuite></testsuites>