<?xml version="1.0" encoding="utf-8"?><testsuites name="pytest tests"><testsuite name="pytest" errors="0" failures="0" skipped="0" tests="7" time="3.305" timestamp="2026-06-06T13:04:12.172445+00:00" hostname="agent-env-129813c6-1b70-4058-a576-b3a3673e1904"><testcase classname="backend.tests.test_iteration_15_e2e.TestLoginHasPin" name="test_login_returns_access_token" time="0.420" /><testcase classname="backend.tests.test_iteration_15_e2e.TestLoginHasPin" name="test_login_returns_user" time="0.000" /><testcase classname="backend.tests.test_iteration_15_e2e.TestLoginHasPin" name="test_login_has_pin_true" time="0.000" /><testcase classname="backend.tests.test_iteration_15_e2e.TestVerifyPin" name="test_verify_pin_good" time="0.277" /><testcase classname="backend.tests.test_iteration_15_e2e.TestVerifyPin" name="test_verify_pin_bad_returns_401" time="0.279" /><testcase classname="backend.tests.test_iteration_15_e2e.TestVerifyPin" name="test_verify_pin_bruteforce_lockout" time="1.437" /><testcase classname="backend.tests.test_iteration_15_e2e.TestSignup" name="test_signup_creates_account_and_returns_token" time="0.814" /></testsuite></testsuites>