<?xml version="1.0" encoding="utf-8"?><testsuites name="pytest tests"><testsuite name="pytest" errors="0" failures="1" skipped="0" tests="12" time="2.735" timestamp="2026-06-09T12:39:22.622098+00:00" hostname="agent-env-129813c6-1b70-4058-a576-b3a3673e1904"><testcase classname="tests.test_p0_p1_v22" name="test_auth_login" time="0.406" /><testcase classname="tests.test_p0_p1_v22" name="test_auth_me" time="0.324"><failure message="AssertionError: assert None == 'client@sendbid.app'&#10; +  where None = &lt;built-in method get of dict object at 0xffcbba1f8bc0&gt;('email')&#10; +    where &lt;built-in method get of dict object at 0xffcbba1f8bc0&gt; = {'user': {'address': '12 Rue de la Paix, Paris', 'avatar_url': 'https://images.unsplash.com/photo-1494790108377-be9c29b29330?w=200', 'biometric_enabled': True, 'biometric_token': '8MXDX-N5We1WvEfX0kh0n_PgSAgS2MGn8W4ED3nSHNLoaXY4ulR45dhU4UdtTCwZ', ...}, 'wallet': {'balance': 1250.5, 'created_at': '2026-04-25T19:46:09.937453+00:00', 'currency': 'EUR', 'id': '734fd6b8-5b6d-403e-8eba-7037fa32cd23', ...}}.get">tests/test_p0_p1_v22.py:50: in test_auth_me
    assert me.get("email") == CLIENT_EMAIL
E   AssertionError: assert None == 'client@sendbid.app'
E    +  where None = &lt;built-in method get of dict object at 0xffcbba1f8bc0&gt;('email')
E    +    where &lt;built-in method get of dict object at 0xffcbba1f8bc0&gt; = {'user': {'address': '12 Rue de la Paix, Paris', 'avatar_url': 'https://images.unsplash.com/photo-1494790108377-be9c29b29330?w=200', 'biometric_enabled': True, 'biometric_token': '8MXDX-N5We1WvEfX0kh0n_PgSAgS2MGn8W4ED3nSHNLoaXY4ulR45dhU4UdtTCwZ', ...}, 'wallet': {'balance': 1250.5, 'created_at': '2026-04-25T19:46:09.937453+00:00', 'currency': 'EUR', 'id': '734fd6b8-5b6d-403e-8eba-7037fa32cd23', ...}}.get</failure></testcase><testcase classname="tests.test_p0_p1_v22" name="test_transfers_listing" time="0.068" /><testcase classname="tests.test_p0_p1_v22" name="test_transfer_detail_has_assigned_at_alias" time="0.118" /><testcase classname="tests.test_p0_p1_v22" name="test_transfer_detail_has_paid_at_for_non_pending" time="0.112" /><testcase classname="tests.test_p0_p1_v22" name="test_transfer_detail_specific_id" time="0.047" /><testcase classname="tests.test_p0_p1_v22" name="test_super_agents_public_no_auth" time="0.155" /><testcase classname="tests.test_p0_p1_v22" name="test_super_agents_public_country_filter" time="0.118" /><testcase classname="tests.test_p0_p1_v22" name="test_super_agents_public_country_lower_normalised" time="0.154" /><testcase classname="tests.test_p0_p1_v22" name="test_agent_signup_own_backward_compat" time="0.318" /><testcase classname="tests.test_p0_p1_v22" name="test_agent_signup_super_agent" time="0.309" /><testcase classname="tests.test_p0_p1_v22" name="test_agent_signup_partner_with_parent" time="0.496" /></testsuite></testsuites>