<?xml version="1.0" encoding="utf-8"?><testsuites name="pytest tests"><testsuite name="pytest" errors="0" failures="1" skipped="0" tests="8" time="3.660" timestamp="2026-06-06T11:34:53.793409+00:00" hostname="agent-env-129813c6-1b70-4058-a576-b3a3673e1904"><testcase classname="tests.test_pingate_and_receipt.TestLoginHasPin" name="test_login_returns_has_pin_true_for_demo_client" time="0.505" /><testcase classname="tests.test_pingate_and_receipt.TestVerifyPinOk" name="test_verify_pin_correct_returns_ok_true" time="0.275" /><testcase classname="tests.test_pingate_and_receipt.TestVerifyPinWrongAndLock" name="test_verify_pin_wrong_returns_400_or_401" time="0.269" /><testcase classname="tests.test_pingate_and_receipt.TestVerifyPinWrongAndLock" name="test_verify_pin_brute_force_lock_after_5" time="1.882"><failure message="AssertionError: BUG: no 423 returned after 6 wrong attempts (verify-pin lacks brute-force protection). statuses=[401, 401, 401, 401, 401, 401]&#10;assert False">tests/test_pingate_and_receipt.py:70: in test_verify_pin_brute_force_lock_after_5
    assert got_lock, f"BUG: no 423 returned after 6 wrong attempts (verify-pin lacks brute-force protection). statuses={statuses}"
E   AssertionError: BUG: no 423 returned after 6 wrong attempts (verify-pin lacks brute-force protection). statuses=[401, 401, 401, 401, 401, 401]
E   assert False</failure></testcase><testcase classname="tests.test_pingate_and_receipt.TestReceiptPdf" name="test_receipt_pdf_with_query_token_returns_pdf" time="0.230" /><testcase classname="tests.test_pingate_and_receipt.TestReceiptPdf" name="test_receipt_pdf_with_bad_token_returns_401" time="0.142" /><testcase classname="tests.test_pingate_and_receipt.TestReceiptPdf" name="test_receipt_pdf_with_no_auth_returns_401" time="0.111" /><testcase classname="tests.test_pingate_and_receipt.TestUpdateThemeRoundtrip" name="test_put_theme_dark_then_get_me_returns_dark" time="0.145" /></testsuite></testsuites>