<?xml version="1.0" encoding="utf-8"?><testsuites name="pytest tests"><testsuite name="pytest" errors="0" failures="0" skipped="0" tests="13" time="4.355" timestamp="2026-04-25T20:45:10.430838+00:00" hostname="agent-env-7723cf69-cedb-48b5-8d69-1c90c628f0d3"><testcase classname="tests.test_security_hardening" name="test_root_env_dev" time="0.186" /><testcase classname="tests.test_security_hardening" name="test_create_pin_rejects_123456" time="0.395" /><testcase classname="tests.test_security_hardening" name="test_create_pin_rejects_111111" time="0.052" /><testcase classname="tests.test_security_hardening" name="test_create_pin_rejects_654321" time="0.047" /><testcase classname="tests.test_security_hardening" name="test_create_pin_rejects_non_numeric" time="0.048" /><testcase classname="tests.test_security_hardening" name="test_create_pin_accepts_random_strong" time="0.271" /><testcase classname="tests.test_security_hardening" name="test_register_rejects_short_password" time="0.051" /><testcase classname="tests.test_security_hardening" name="test_reset_password_rejects_short" time="0.416" /><testcase classname="tests.test_security_hardening" name="test_change_password_rejects_short" time="0.600" /><testcase classname="tests.test_security_hardening" name="test_p2p_normal_then_insufficient" time="1.291" /><testcase classname="tests.test_security_hardening" name="test_ws_anonymous_backward_compat" time="0.519" /><testcase classname="tests.test_security_hardening" name="test_ws_with_valid_token" time="0.191" /><testcase classname="tests.test_security_hardening" name="test_ws_with_invalid_token_closes_4401" time="0.168" /></testsuite></testsuites>