<?xml version="1.0" encoding="utf-8"?><testsuites name="pytest tests"><testsuite name="pytest" errors="0" failures="4" skipped="0" tests="37" time="18.556" timestamp="2026-04-25T20:45:18.882685+00:00" hostname="agent-env-7723cf69-cedb-48b5-8d69-1c90c628f0d3"><testcase classname="tests.test_sendbid_api" name="test_health" time="0.173" /><testcase classname="tests.test_sendbid_api" name="test_register_duplicate" time="0.358" /><testcase classname="tests.test_sendbid_api" name="test_login_demo_client" time="0.266" /><testcase classname="tests.test_sendbid_api" name="test_login_wrong_password" time="0.271" /><testcase classname="tests.test_sendbid_api" name="test_auth_me" time="0.323"><failure message="assert 1091.75 == 1250.5">tests/test_sendbid_api.py:114: in test_auth_me
    assert body["wallet"]["balance"] == 1250.50
E   assert 1091.75 == 1250.5</failure></testcase><testcase classname="tests.test_sendbid_api" name="test_create_pin_for_new_user" time="0.056"><failure message="assert 400 == 200&#10; +  where 400 = &lt;Response [400]&gt;.status_code">tests/test_sendbid_api.py:121: in test_create_pin_for_new_user
    assert r.status_code == 200
E   assert 400 == 200
E    +  where 400 = &lt;Response [400]&gt;.status_code</failure></testcase><testcase classname="tests.test_sendbid_api" name="test_biometric_enable_and_login" time="0.148" /><testcase classname="tests.test_sendbid_api" name="test_forgot_and_reset_password" time="0.899" /><testcase classname="tests.test_sendbid_api" name="test_wallet_get" time="0.046"><failure message="assert 1091.75 == 1250.5">tests/test_sendbid_api.py:174: in test_wallet_get
    assert r.json()["balance"] == 1250.50
E   assert 1091.75 == 1250.5</failure></testcase><testcase classname="tests.test_sendbid_api" name="test_wallet_transactions" time="0.051" /><testcase classname="tests.test_sendbid_api" name="test_wallet_recharge_qr" time="0.045" /><testcase classname="tests.test_sendbid_api" name="test_wallet_withdraw_qr_with_pin" time="0.270" /><testcase classname="tests.test_sendbid_api" name="test_wallet_p2p" time="0.277" /><testcase classname="tests.test_sendbid_api" name="test_fx_rate" time="0.050" /><testcase classname="tests.test_sendbid_api" name="test_transfer_confirm_returns_required_fields" time="0.320" /><testcase classname="tests.test_sendbid_api" name="test_list_transfers" time="0.045" /><testcase classname="tests.test_sendbid_api" name="test_get_transfer_detail" time="0.044" /><testcase classname="tests.test_sendbid_api" name="test_list_bids" time="10.050" /><testcase classname="tests.test_sendbid_api" name="test_receipt_pdf" time="0.053" /><testcase classname="tests.test_sendbid_api" name="test_websocket_snapshot" time="0.213" /><testcase classname="tests.test_sendbid_api" name="test_accept_bid_and_complete" time="2.315" /><testcase classname="tests.test_sendbid_api" name="test_beneficiaries_seeded" time="0.049" /><testcase classname="tests.test_sendbid_api" name="test_beneficiary_create_and_delete" time="0.095" /><testcase classname="tests.test_sendbid_api" name="test_payment_methods_crud" time="0.146" /><testcase classname="tests.test_sendbid_api" name="test_kyc_get" time="0.047" /><testcase classname="tests.test_sendbid_api" name="test_kyc_tier1_and_tier2" time="0.154" /><testcase classname="tests.test_sendbid_api" name="test_notifications" time="0.155" /><testcase classname="tests.test_sendbid_api" name="test_profile_patch" time="0.047" /><testcase classname="tests.test_sendbid_api" name="test_change_password_wrong" time="0.272" /><testcase classname="tests.test_sendbid_api" name="test_referral" time="0.049" /><testcase classname="tests.test_sendbid_api" name="test_loyalty" time="0.047" /><testcase classname="tests.test_sendbid_api" name="test_scheduled_transfers_crud" time="0.148" /><testcase classname="tests.test_sendbid_api" name="test_disputes_create" time="0.093" /><testcase classname="tests.test_sendbid_api" name="test_documents" time="0.046" /><testcase classname="tests.test_sendbid_api" name="test_support_faq_and_contact" time="0.094" /><testcase classname="tests.test_sendbid_api" name="test_countries" time="0.047" /><testcase classname="tests.test_sendbid_api" name="test_pin_brute_force_lockout" time="0.663"><failure message="AssertionError: Expected 423 lockout in statuses, got [400, 400, 400, 400, 400, 400]&#10;assert 423 in [400, 400, 400, 400, 400, 400]">tests/test_sendbid_api.py:508: in test_pin_brute_force_lockout
    assert 423 in statuses, f"Expected 423 lockout in statuses, got {statuses}"
E   AssertionError: Expected 423 lockout in statuses, got [400, 400, 400, 400, 400, 400]
E   assert 423 in [400, 400, 400, 400, 400, 400]</failure></testcase></testsuite></testsuites>