<?xml version="1.0" encoding="utf-8"?><testsuites name="pytest tests"><testsuite name="pytest" errors="0" failures="0" skipped="0" tests="50" time="24.585" timestamp="2026-04-25T20:46:30.619445+00:00" hostname="agent-env-7723cf69-cedb-48b5-8d69-1c90c628f0d3"><testcase classname="tests.test_security_hardening" name="test_root_env_dev" time="0.237" /><testcase classname="tests.test_security_hardening" name="test_create_pin_rejects_123456" time="0.372" /><testcase classname="tests.test_security_hardening" name="test_create_pin_rejects_111111" time="0.050" /><testcase classname="tests.test_security_hardening" name="test_create_pin_rejects_654321" time="0.049" /><testcase classname="tests.test_security_hardening" name="test_create_pin_rejects_non_numeric" time="0.049" /><testcase classname="tests.test_security_hardening" name="test_create_pin_accepts_random_strong" time="0.267" /><testcase classname="tests.test_security_hardening" name="test_register_rejects_short_password" time="0.042" /><testcase classname="tests.test_security_hardening" name="test_reset_password_rejects_short" time="0.406" /><testcase classname="tests.test_security_hardening" name="test_change_password_rejects_short" time="0.581" /><testcase classname="tests.test_security_hardening" name="test_p2p_normal_then_insufficient" time="1.274" /><testcase classname="tests.test_security_hardening" name="test_ws_anonymous_backward_compat" time="0.501" /><testcase classname="tests.test_security_hardening" name="test_ws_with_valid_token" time="0.217" /><testcase classname="tests.test_security_hardening" name="test_ws_with_invalid_token_closes_4401" time="0.147" /><testcase classname="tests.test_sendbid_api" name="test_health" time="0.147" /><testcase classname="tests.test_sendbid_api" name="test_register_duplicate" time="0.384" /><testcase classname="tests.test_sendbid_api" name="test_login_demo_client" time="0.269" /><testcase classname="tests.test_sendbid_api" name="test_login_wrong_password" time="0.268" /><testcase classname="tests.test_sendbid_api" name="test_auth_me" time="0.315" /><testcase classname="tests.test_sendbid_api" name="test_create_pin_for_new_user" time="0.329" /><testcase classname="tests.test_sendbid_api" name="test_biometric_enable_and_login" time="0.151" /><testcase classname="tests.test_sendbid_api" name="test_forgot_and_reset_password" time="0.927" /><testcase classname="tests.test_sendbid_api" name="test_wallet_get" time="0.047" /><testcase classname="tests.test_sendbid_api" name="test_wallet_transactions" time="0.057" /><testcase classname="tests.test_sendbid_api" name="test_wallet_recharge_qr" time="0.050" /><testcase classname="tests.test_sendbid_api" name="test_wallet_withdraw_qr_with_pin" time="0.275" /><testcase classname="tests.test_sendbid_api" name="test_wallet_p2p" time="0.273" /><testcase classname="tests.test_sendbid_api" name="test_fx_rate" time="0.053" /><testcase classname="tests.test_sendbid_api" name="test_transfer_confirm_returns_required_fields" time="0.319" /><testcase classname="tests.test_sendbid_api" name="test_list_transfers" time="0.050" /><testcase classname="tests.test_sendbid_api" name="test_get_transfer_detail" time="0.047" /><testcase classname="tests.test_sendbid_api" name="test_list_bids" time="10.066" /><testcase classname="tests.test_sendbid_api" name="test_receipt_pdf" time="0.056" /><testcase classname="tests.test_sendbid_api" name="test_websocket_snapshot" time="0.200" /><testcase classname="tests.test_sendbid_api" name="test_accept_bid_and_complete" time="2.335" /><testcase classname="tests.test_sendbid_api" name="test_beneficiaries_seeded" time="0.047" /><testcase classname="tests.test_sendbid_api" name="test_beneficiary_create_and_delete" time="0.093" /><testcase classname="tests.test_sendbid_api" name="test_payment_methods_crud" time="0.293" /><testcase classname="tests.test_sendbid_api" name="test_kyc_get" time="0.049" /><testcase classname="tests.test_sendbid_api" name="test_kyc_tier1_and_tier2" time="0.145" /><testcase classname="tests.test_sendbid_api" name="test_notifications" time="0.141" /><testcase classname="tests.test_sendbid_api" name="test_profile_patch" time="0.048" /><testcase classname="tests.test_sendbid_api" name="test_change_password_wrong" time="0.272" /><testcase classname="tests.test_sendbid_api" name="test_referral" time="0.045" /><testcase classname="tests.test_sendbid_api" name="test_loyalty" time="0.052" /><testcase classname="tests.test_sendbid_api" name="test_scheduled_transfers_crud" time="0.143" /><testcase classname="tests.test_sendbid_api" name="test_disputes_create" time="0.100" /><testcase classname="tests.test_sendbid_api" name="test_documents" time="0.046" /><testcase classname="tests.test_sendbid_api" name="test_support_faq_and_contact" time="0.103" /><testcase classname="tests.test_sendbid_api" name="test_countries" time="0.047" /><testcase classname="tests.test_sendbid_api" name="test_pin_brute_force_lockout" time="2.018" /></testsuite></testsuites>