<?xml version="1.0" encoding="utf-8"?><testsuites name="pytest tests"><testsuite name="pytest" errors="0" failures="3" skipped="1" tests="27" time="4.880" timestamp="2026-06-06T14:28:36.325584+00:00" hostname="agent-env-129813c6-1b70-4058-a576-b3a3673e1904"><testcase classname="tests.test_refactor_regression.TestAuthRegression" name="test_login_demo_client_returns_token_and_has_pin" time="0.365" /><testcase classname="tests.test_refactor_regression.TestAuthRegression" name="test_login_wrong_password_401" time="0.267" /><testcase classname="tests.test_refactor_regression.TestAuthRegression" name="test_get_me_returns_user_and_wallet" time="0.320" /><testcase classname="tests.test_refactor_regression.TestAuthRegression" name="test_register_random_user_returns_token" time="0.704"><failure message="AssertionError: Internal Server Error&#10;assert 500 in (200, 201, 400)&#10; +  where 500 = &lt;Response [500]&gt;.status_code">E   AssertionError: Internal Server Error
    assert 500 in (200, 201, 400)
     +  where 500 = &lt;Response [500]&gt;.status_code</failure></testcase><testcase classname="tests.test_refactor_regression.TestAuthRegression" name="test_verify_pin_correct" time="0.267" /><testcase classname="tests.test_refactor_regression.TestAuthRegression" name="test_verify_pin_wrong_returns_401" time="0.273" /><testcase classname="tests.test_refactor_regression.TestAuthRegression" name="test_forgot_password_returns_200" time="0.046"><failure message="AssertionError: Internal Server Error&#10;assert 500 == 200&#10; +  where 500 = &lt;Response [500]&gt;.status_code">E   AssertionError: Internal Server Error
    assert 500 == 200
     +  where 500 = &lt;Response [500]&gt;.status_code</failure></testcase><testcase classname="tests.test_refactor_regression.TestAuthRegression" name="test_create_pin_endpoint_exists" time="0.046"><skipped type="pytest.skip" message="register skipped (Twilio): 422 {&quot;detail&quot;:[{&quot;type&quot;:&quot;value_error&quot;,&quot;loc&quot;:[&quot;body&quot;,&quot;email&quot;],&quot;msg&quot;:&quot;value is not a valid email address: The part after the @-">/app/backend/tests/test_refactor_regression.py:142: register skipped (Twilio): 422 {"detail":[{"type":"value_error","loc":["body","email"],"msg":"value is not a valid email address: The part after the @-</skipped></testcase><testcase classname="tests.test_refactor_regression.TestWalletRegression" name="test_get_wallet" time="0.046" /><testcase classname="tests.test_refactor_regression.TestWalletRegression" name="test_get_wallet_transactions" time="0.047" /><testcase classname="tests.test_refactor_regression.TestWalletRegression" name="test_recharge_qr_with_pin" time="0.274" /><testcase classname="tests.test_refactor_regression.TestWalletRegression" name="test_p2p_unknown_recipient_returns_404" time="0.272" /><testcase classname="tests.test_refactor_regression.TestWalletRegression" name="test_withdraw_bank_with_pin" time="0.278" /><testcase classname="tests.test_refactor_regression.TestTransfersRegression" name="test_fx_rate_eur_xof" time="0.050" /><testcase classname="tests.test_refactor_regression.TestTransfersRegression" name="test_draft_created" time="0.048" /><testcase classname="tests.test_refactor_regression.TestTransfersRegression" name="test_list_transfers" time="0.073" /><testcase classname="tests.test_refactor_regression.TestTransfersRegression" name="test_get_existing_transfer_and_receipt_pdf" time="0.224" /><testcase classname="tests.test_refactor_regression.TestTransfersRegression" name="test_validate_code_invalid_returns_400_or_404" time="0.045" /><testcase classname="tests.test_refactor_regression.TestAgentRegression" name="test_agent_me_without_agent_token_returns_403" time="0.046" /><testcase classname="tests.test_refactor_regression.TestAgentRegression" name="test_agent_dashboard_without_agent_token_returns_403" time="0.045" /><testcase classname="tests.test_refactor_regression.TestAgentRegression" name="test_agent_signup" time="0.045"><failure message="AssertionError: Internal Server Error&#10;assert 500 in (200, 400, 409)&#10; +  where 500 = &lt;Response [500]&gt;.status_code">E   AssertionError: Internal Server Error
    assert 500 in (200, 400, 409)
     +  where 500 = &lt;Response [500]&gt;.status_code</failure></testcase><testcase classname="tests.test_refactor_regression.TestWebPanelsRegression" name="test_marketing_home_returns_html" time="0.127" /><testcase classname="tests.test_refactor_regression.TestWebPanelsRegression" name="test_admin_login_page_when_not_authenticated" time="0.126" /><testcase classname="tests.test_refactor_regression.TestWebPanelsRegression" name="test_superadmin_endpoint_reachable" time="0.108" /><testcase classname="tests.test_refactor_regression.TestWebPanelsRegression" name="test_partner_endpoint_reachable" time="0.110" /><testcase classname="tests.test_refactor_regression.TestWebSocketRegistration" name="test_ws_routes_registered_via_introspection" time="0.518" /><testcase classname="tests.test_refactor_regression.TestWebSocketRegistration" name="test_register_websocket_helper_exists" time="0.001" /></testsuite></testsuites>