<?xml version="1.0" encoding="utf-8"?><testsuites name="pytest tests"><testsuite name="pytest" errors="0" failures="2" skipped="6" tests="43" time="2.338" timestamp="2026-06-02T22:16:39.007526+00:00" hostname="agent-env-129813c6-1b70-4058-a576-b3a3673e1904"><testcase classname="tests.test_web_panels_and_marketing" name="test_marketing_pages_public[/api/web/-must_contain0]" time="0.012" /><testcase classname="tests.test_web_panels_and_marketing" name="test_marketing_pages_public[/api/web-must_contain1]" time="0.045" /><testcase classname="tests.test_web_panels_and_marketing" name="test_marketing_pages_public[/api/web/features-must_contain2]" time="0.044" /><testcase classname="tests.test_web_panels_and_marketing" name="test_marketing_pages_public[/api/web/pricing-must_contain3]" time="0.044" /><testcase classname="tests.test_web_panels_and_marketing" name="test_marketing_pages_public[/api/web/faq-must_contain4]" time="0.044" /><testcase classname="tests.test_web_panels_and_marketing" name="test_marketing_pages_public[/api/web/about-must_contain5]" time="0.043" /><testcase classname="tests.test_web_panels_and_marketing" name="test_marketing_pages_public[/api/web/download-must_contain6]" time="0.045" /><testcase classname="tests.test_web_panels_and_marketing" name="test_panel_login_form_unauthenticated[admin]" time="0.064" /><testcase classname="tests.test_web_panels_and_marketing" name="test_panel_login_form_unauthenticated[agent]" time="0.060" /><testcase classname="tests.test_web_panels_and_marketing" name="test_panel_login_form_unauthenticated[superagent]" time="0.052" /><testcase classname="tests.test_web_panels_and_marketing" name="test_panel_login_wrong_credentials[admin]" time="0.266" /><testcase classname="tests.test_web_panels_and_marketing" name="test_panel_login_wrong_credentials[agent]" time="0.267" /><testcase classname="tests.test_web_panels_and_marketing" name="test_panel_login_wrong_credentials[superagent]" time="0.265" /><testcase classname="tests.test_web_panels_and_marketing" name="test_panel_login_success_sets_cookie[admin]" time="0.226" /><testcase classname="tests.test_web_panels_and_marketing" name="test_panel_login_success_sets_cookie[agent]" time="0.225" /><testcase classname="tests.test_web_panels_and_marketing" name="test_panel_login_success_sets_cookie[superagent]" time="0.225"><failure message="AssertionError: login -&gt; 401: &lt;!DOCTYPE html&gt;&#10;  &lt;html lang=&quot;fr&quot;&gt;&#10;  &lt;head&gt;&#10;  &lt;meta charset=&quot;UTF-8&quot;&gt;&#10;  &lt;meta name=&quot;viewport&quot; content=&quot;width=device-width, initial-scale=1.0&quot;&gt;&#10;  &lt;title&gt;Panel Super-Agent — SendFloo&lt;/title&gt;&#10;  &lt;link href=&quot;https://fonts.googleapis.com/css2?family=Inter:wght@400;500;600;700;800;900&amp;display=swap&quot; rel=&quot;stylesheet&quot;&gt;&#10;  &lt;s&#10;assert 401 == 303&#10; +  where 401 = &lt;Response [401]&gt;.status_code">E   AssertionError: login -&gt; 401: &lt;!DOCTYPE html&gt;
      &lt;html lang="fr"&gt;
      &lt;head&gt;
      &lt;meta charset="UTF-8"&gt;
      &lt;meta name="viewport" content="width=device-width, initial-scale=1.0"&gt;
      &lt;title&gt;Panel Super-Agent — SendFloo&lt;/title&gt;
      &lt;link href="https://fonts.googleapis.com/css2?family=Inter:wght@400;500;600;700;800;900&amp;display=swap" rel="stylesheet"&gt;
      &lt;s
    assert 401 == 303
     +  where 401 = &lt;Response [401]&gt;.status_code</failure></testcase><testcase classname="tests.test_web_panels_and_marketing" name="test_panel_dashboard_with_cookie[admin]" time="0.009" /><testcase classname="tests.test_web_panels_and_marketing" name="test_panel_dashboard_with_cookie[agent]" time="0.005" /><testcase classname="tests.test_web_panels_and_marketing" name="test_panel_dashboard_with_cookie[superagent]" time="0.000"><skipped type="pytest.skip" message="login for superagent did not run/succeed">/app/backend/tests/test_web_panels_and_marketing.py:128: login for superagent did not run/succeed</skipped></testcase><testcase classname="tests.test_web_panels_and_marketing" name="test_admin_sections[/api/web/admin-must_contain0]" time="0.007" /><testcase classname="tests.test_web_panels_and_marketing" name="test_admin_sections[/api/web/admin/users-must_contain1]" time="0.003"><failure message="AssertionError: /api/web/admin/users -&gt; 500&#10;assert 500 == 200&#10; +  where 500 = &lt;Response [500]&gt;.status_code">E   AssertionError: /api/web/admin/users -&gt; 500
    assert 500 == 200
     +  where 500 = &lt;Response [500]&gt;.status_code</failure></testcase><testcase classname="tests.test_web_panels_and_marketing" name="test_admin_sections[/api/web/admin/agents-must_contain2]" time="0.004" /><testcase classname="tests.test_web_panels_and_marketing" name="test_admin_sections[/api/web/admin/transfers-must_contain3]" time="0.006" /><testcase classname="tests.test_web_panels_and_marketing" name="test_admin_sections[/api/web/admin/auctions-must_contain4]" time="0.003" /><testcase classname="tests.test_web_panels_and_marketing" name="test_admin_sections[/api/web/admin/wallets-must_contain5]" time="0.003" /><testcase classname="tests.test_web_panels_and_marketing" name="test_admin_sections[/api/web/admin/audit-must_contain6]" time="0.003" /><testcase classname="tests.test_web_panels_and_marketing" name="test_agent_sections[/api/web/agent-any_of0]" time="0.005" /><testcase classname="tests.test_web_panels_and_marketing" name="test_agent_sections[/api/web/agent/auctions-any_of1]" time="0.003" /><testcase classname="tests.test_web_panels_and_marketing" name="test_agent_sections[/api/web/agent/transfers-any_of2]" time="0.003" /><testcase classname="tests.test_web_panels_and_marketing" name="test_agent_sections[/api/web/agent/float-any_of3]" time="0.003" /><testcase classname="tests.test_web_panels_and_marketing" name="test_agent_sections[/api/web/agent/earnings-any_of4]" time="0.003" /><testcase classname="tests.test_web_panels_and_marketing" name="test_superagent_sections[/api/web/superagent-must_contain0]" time="0.000"><skipped type="pytest.skip" message="superagent login did not succeed">/app/backend/tests/test_web_panels_and_marketing.py:208: superagent login did not succeed</skipped></testcase><testcase classname="tests.test_web_panels_and_marketing" name="test_superagent_sections[/api/web/superagent/agents-must_contain1]" time="0.000"><skipped type="pytest.skip" message="superagent login did not succeed">/app/backend/tests/test_web_panels_and_marketing.py:208: superagent login did not succeed</skipped></testcase><testcase classname="tests.test_web_panels_and_marketing" name="test_superagent_sections[/api/web/superagent/transfers-must_contain2]" time="0.000"><skipped type="pytest.skip" message="superagent login did not succeed">/app/backend/tests/test_web_panels_and_marketing.py:208: superagent login did not succeed</skipped></testcase><testcase classname="tests.test_web_panels_and_marketing" name="test_superagent_sections[/api/web/superagent/earnings-must_contain3]" time="0.000"><skipped type="pytest.skip" message="superagent login did not succeed">/app/backend/tests/test_web_panels_and_marketing.py:208: superagent login did not succeed</skipped></testcase><testcase classname="tests.test_web_panels_and_marketing" name="test_panel_logout[admin]" time="0.002" /><testcase classname="tests.test_web_panels_and_marketing" name="test_panel_logout[agent]" time="0.002" /><testcase classname="tests.test_web_panels_and_marketing" name="test_panel_logout[superagent]" time="0.000"><skipped type="pytest.skip" message="superagent login did not succeed">/app/backend/tests/test_web_panels_and_marketing.py:223: superagent login did not succeed</skipped></testcase><testcase classname="tests.test_web_panels_and_marketing" name="test_put_auth_me_theme_dark" time="0.228" /><testcase classname="tests.test_web_panels_and_marketing" name="test_regression_client_login" time="0.000" /><testcase classname="tests.test_web_panels_and_marketing" name="test_regression_get_auth_me" time="0.003" /><testcase classname="tests.test_web_panels_and_marketing" name="test_regression_corridors" time="0.014" /><testcase classname="tests.test_web_panels_and_marketing" name="test_regression_wallet_transactions" time="0.004" /></testsuite></testsuites>