<?xml version="1.0" encoding="utf-8"?><testsuites name="pytest tests"><testsuite name="pytest" errors="0" failures="0" skipped="0" tests="43" time="2.385" timestamp="2026-06-02T22:20:08.912163+00:00" hostname="agent-env-129813c6-1b70-4058-a576-b3a3673e1904"><testcase classname="tests.test_web_panels_and_marketing" name="test_marketing_pages_public[/api/web/-must_contain0]" time="0.015" /><testcase classname="tests.test_web_panels_and_marketing" name="test_marketing_pages_public[/api/web-must_contain1]" time="0.045" /><testcase classname="tests.test_web_panels_and_marketing" name="test_marketing_pages_public[/api/web/features-must_contain2]" time="0.044" /><testcase classname="tests.test_web_panels_and_marketing" name="test_marketing_pages_public[/api/web/pricing-must_contain3]" time="0.045" /><testcase classname="tests.test_web_panels_and_marketing" name="test_marketing_pages_public[/api/web/faq-must_contain4]" time="0.045" /><testcase classname="tests.test_web_panels_and_marketing" name="test_marketing_pages_public[/api/web/about-must_contain5]" time="0.044" /><testcase classname="tests.test_web_panels_and_marketing" name="test_marketing_pages_public[/api/web/download-must_contain6]" time="0.044" /><testcase classname="tests.test_web_panels_and_marketing" name="test_panel_login_form_unauthenticated[admin]" time="0.066" /><testcase classname="tests.test_web_panels_and_marketing" name="test_panel_login_form_unauthenticated[agent]" time="0.060" /><testcase classname="tests.test_web_panels_and_marketing" name="test_panel_login_form_unauthenticated[superagent]" time="0.052" /><testcase classname="tests.test_web_panels_and_marketing" name="test_panel_login_wrong_credentials[admin]" time="0.268" /><testcase classname="tests.test_web_panels_and_marketing" name="test_panel_login_wrong_credentials[agent]" time="0.266" /><testcase classname="tests.test_web_panels_and_marketing" name="test_panel_login_wrong_credentials[superagent]" time="0.266" /><testcase classname="tests.test_web_panels_and_marketing" name="test_panel_login_success_sets_cookie[admin]" time="0.226" /><testcase classname="tests.test_web_panels_and_marketing" name="test_panel_login_success_sets_cookie[agent]" time="0.228" /><testcase classname="tests.test_web_panels_and_marketing" name="test_panel_login_success_sets_cookie[superagent]" time="0.226" /><testcase classname="tests.test_web_panels_and_marketing" name="test_panel_dashboard_with_cookie[admin]" time="0.009" /><testcase classname="tests.test_web_panels_and_marketing" name="test_panel_dashboard_with_cookie[agent]" time="0.006" /><testcase classname="tests.test_web_panels_and_marketing" name="test_panel_dashboard_with_cookie[superagent]" time="0.003" /><testcase classname="tests.test_web_panels_and_marketing" name="test_admin_sections[/api/web/admin-must_contain0]" time="0.009" /><testcase classname="tests.test_web_panels_and_marketing" name="test_admin_sections[/api/web/admin/users-must_contain1]" time="0.004" /><testcase classname="tests.test_web_panels_and_marketing" name="test_admin_sections[/api/web/admin/agents-must_contain2]" time="0.004" /><testcase classname="tests.test_web_panels_and_marketing" name="test_admin_sections[/api/web/admin/transfers-must_contain3]" time="0.006" /><testcase classname="tests.test_web_panels_and_marketing" name="test_admin_sections[/api/web/admin/auctions-must_contain4]" time="0.003" /><testcase classname="tests.test_web_panels_and_marketing" name="test_admin_sections[/api/web/admin/wallets-must_contain5]" time="0.004" /><testcase classname="tests.test_web_panels_and_marketing" name="test_admin_sections[/api/web/admin/audit-must_contain6]" time="0.003" /><testcase classname="tests.test_web_panels_and_marketing" name="test_agent_sections[/api/web/agent-any_of0]" time="0.009" /><testcase classname="tests.test_web_panels_and_marketing" name="test_agent_sections[/api/web/agent/auctions-any_of1]" time="0.004" /><testcase classname="tests.test_web_panels_and_marketing" name="test_agent_sections[/api/web/agent/transfers-any_of2]" time="0.004" /><testcase classname="tests.test_web_panels_and_marketing" name="test_agent_sections[/api/web/agent/float-any_of3]" time="0.004" /><testcase classname="tests.test_web_panels_and_marketing" name="test_agent_sections[/api/web/agent/earnings-any_of4]" time="0.004" /><testcase classname="tests.test_web_panels_and_marketing" name="test_superagent_sections[/api/web/superagent-must_contain0]" time="0.003" /><testcase classname="tests.test_web_panels_and_marketing" name="test_superagent_sections[/api/web/superagent/agents-must_contain1]" time="0.003" /><testcase classname="tests.test_web_panels_and_marketing" name="test_superagent_sections[/api/web/superagent/transfers-must_contain2]" time="0.003" /><testcase classname="tests.test_web_panels_and_marketing" name="test_superagent_sections[/api/web/superagent/earnings-must_contain3]" time="0.003" /><testcase classname="tests.test_web_panels_and_marketing" name="test_panel_logout[admin]" time="0.002" /><testcase classname="tests.test_web_panels_and_marketing" name="test_panel_logout[agent]" time="0.002" /><testcase classname="tests.test_web_panels_and_marketing" name="test_panel_logout[superagent]" time="0.002" /><testcase classname="tests.test_web_panels_and_marketing" name="test_put_auth_me_theme_dark" time="0.229" /><testcase classname="tests.test_web_panels_and_marketing" name="test_regression_client_login" time="0.000" /><testcase classname="tests.test_web_panels_and_marketing" name="test_regression_get_auth_me" time="0.002" /><testcase classname="tests.test_web_panels_and_marketing" name="test_regression_corridors" time="0.014" /><testcase classname="tests.test_web_panels_and_marketing" name="test_regression_wallet_transactions" time="0.005" /></testsuite></testsuites>